[2013-03-16 09:26:46] START
[2013-03-16 09:26:46] EDIT welcome/controllers/default.py: 2
[2014-01-07 11:13:02] CREATE db_lubeman.py: 0
[2014-01-07 11:13:37] EDIT lubeman/models/db_lubeman.py: 144
[2014-01-10 02:47:49] EDIT lubeman/views/sys/analysisCRUD.html: 0
[2014-01-10 02:48:31] EDIT lubeman/views/sys/company.html: 0
[2014-01-10 02:48:39] EDIT lubeman/views/sys/company.html: 0
[2014-01-10 02:48:50] EDIT lubeman/views/sys/project.html: 0
[2014-01-10 02:49:02] EDIT lubeman/views/sys/analysis.html: 0
[2014-01-10 02:49:06] EDIT lubeman/views/sys/analysis.html: 0
[2014-01-10 02:49:14] EDIT lubeman/views/default/index.html: 0
[2014-01-17 01:30:38] EDIT lubeman/views/sys/company.html: 2
[2014-01-20 13:24:18] EDIT lubeman/views/sys/equipment.html: 1
[2014-01-20 15:26:09] EDIT LubemanEX/controllers/sys.py: 239
[2014-01-20 15:36:37] EDIT LubemanEX/controllers/sys.py: 0
[2014-01-20 15:37:35] EDIT LubemanEX/controllers/sys.py: 0
[2014-01-20 15:38:35] EDIT LubemanEX/controllers/sys.py: 5
[2014-01-20 15:39:47] EDIT LubemanEX/controllers/sys.py: 0
[2014-01-20 15:39:49] EDIT LubemanEX/controllers/sys.py: 0
[2014-01-20 15:40:17] EDIT LubemanEX/controllers/sys.py: 0
[2014-01-20 15:40:49] EDIT LubemanEX/controllers/sys.py: 1
[2014-01-20 15:54:43] EDIT LubemanEX/controllers/sys.py: 1
[2014-01-20 15:58:15] EDIT LubemanEX/controllers/sys.py: 0
[2014-01-20 15:58:52] EDIT LubemanEX/controllers/sys.py: 1
[2014-01-20 16:00:28] EDIT LubemanEX/models/db_lubeman.py: 14
